\BOOKMARK [0][-]{chapter.1}{Introducci\363n}{}% 1
\BOOKMARK [1][-]{section.1.1}{Antecedentes}{chapter.1}% 2
\BOOKMARK [1][-]{section.1.2}{Descripci\363n del problema}{chapter.1}% 3
\BOOKMARK [1][-]{section.1.3}{Justificaci\363n}{chapter.1}% 4
\BOOKMARK [1][-]{section.1.4}{Alcance y Delimitaci\363n}{chapter.1}% 5
\BOOKMARK [0][-]{chapter.2}{Marco Te\363rico}{}% 6
\BOOKMARK [1][-]{section.2.1}{IoT - Internet de las cosas}{chapter.2}% 7
\BOOKMARK [1][-]{section.2.2}{Medidores de servicios b\341sicos}{chapter.2}% 8
\BOOKMARK [2][-]{subsection.2.2.1}{Medidores mec\341nicos y electromec\341nicos}{section.2.2}% 9
\BOOKMARK [2][-]{subsection.2.2.2}{Medidores electr\363nicos}{section.2.2}% 10
\BOOKMARK [2][-]{subsection.2.2.3}{Medidores inteligentes}{section.2.2}% 11
\BOOKMARK [1][-]{section.2.3}{Microcontroladores}{chapter.2}% 12
\BOOKMARK [1][-]{section.2.4}{C\341maras}{chapter.2}% 13
\BOOKMARK [1][-]{section.2.5}{OCR - Reconocimiento \363ptico de caracteres}{chapter.2}% 14
\BOOKMARK [1][-]{section.2.6}{Bases de datos}{chapter.2}% 15
\BOOKMARK [0][-]{chapter.3}{Desarrollo del proyecto}{}% 16
\BOOKMARK [0][-]{chapter.4}{Resultados y validaci\363n}{}% 17
\BOOKMARK [1][-]{section.4.1}{An\341lisis de costos}{chapter.4}% 18
\BOOKMARK [0][-]{chapter.5}{Conclusiones y Recomendaciones}{}% 19
\BOOKMARK [1][-]{section.5.1}{Conclusiones}{chapter.5}% 20
\BOOKMARK [1][-]{section.5.2}{Recomendaciones}{chapter.5}% 21
\BOOKMARK [0][-]{chapter*.7}{Bibliograf\355a}{}% 22
\BOOKMARK [0][-]{appendix.Alph1}{Anexos}{}% 23
\BOOKMARK [1][-]{section*.8}{Anexos}{appendix.Alph1}% 24
\BOOKMARK [0][-]{section*.9}{Appendices}{}% 25
\BOOKMARK [1][-]{section.1.Alph0.1}{Lo dem\341s}{section*.9}% 26
